# JRE version: Java(TM) SE Runtime Environment (8.0_45-b15) (build 1.8.0_45-b15)
# Java VM: Java HotSpot(TM) 64-Bit Server VM (25.45-b02 mixed mode windows-amd64 compressed oops)
Heap:
 PSYoungGen      total 412672K, used 265300K [0x00000000d5d00000, 0x00000000f1d80000, 0x0000000100000000)
  eden space 400384K, 65% used [0x00000000d5d00000,0x00000000e5e55298,0x00000000ee400000)
  from space 12288K, 14% used [0x00000000ee400000,0x00000000ee5c0000,0x00000000ef000000)
  to   space 12288K, 0% used [0x00000000f1180000,0x00000000f1180000,0x00000000f1d80000)
 ParOldGen       total 70144K, used 28670K [0x0000000081600000, 0x0000000085a80000, 0x00000000d5d00000)
  object space 70144K, 40% used [0x0000000081600000,0x00000000831ffb48,0x0000000085a80000)
 Metaspace       used 22359K, capacity 23902K, committed 24192K, reserved 1071104K
  class space    used 3081K, capacity 3392K, committed 3456K, reserved 1048576K
GC Heap History (10 events):
Event: 24.178 GC heap before
{Heap before GC invocations=26 (full 1):
 PSYoungGen      total 412672K, used 408080K [0x00000000d5d00000, 0x00000000efd80000, 0x0000000100000000)
  eden space 400384K, 100% used [0x00000000d5d00000,0x00000000ee400000,0x00000000ee400000)
  from space 12288K, 62% used [0x00000000ef000000,0x00000000ef784010,0x00000000efc00000)
  to   space 12288K, 0% used [0x00000000ee400000,0x00000000ee400000,0x00000000ef000000)
 ParOldGen       total 70144K, used 22588K [0x0000000081600000, 0x0000000085a80000, 0x00000000d5d00000)
  object space 70144K, 32% used [0x0000000081600000,0x0000000082c0f070,0x0000000085a80000)
 Metaspace       used 22291K, capacity 23834K, committed 23936K, reserved 1069056K
  class space    used 3081K, capacity 3392K, committed 3456K, reserved 1048576K
Event: 24.187 GC heap after
Heap after GC invocations=26 (full 1):
 PSYoungGen      total 412672K, used 7664K [0x00000000d5d00000, 0x00000000efd80000, 0x0000000100000000)
  eden space 400384K, 0% used [0x00000000d5d00000,0x00000000d5d00000,0x00000000ee400000)
  from space 12288K, 62% used [0x00000000ee400000,0x00000000eeb7c010,0x00000000ef000000)
  to   space 12288K, 0% used [0x00000000ef000000,0x00000000ef000000,0x00000000efc00000)
 ParOldGen       total 70144K, used 22676K [0x0000000081600000, 0x0000000085a80000, 0x00000000d5d00000)
  object space 70144K, 32% used [0x0000000081600000,0x0000000082c25070,0x0000000085a80000)
 Metaspace       used 22291K, capacity 23834K, committed 23936K, reserved 1069056K
  class space    used 3081K, capacity 3392K, committed 3456K, reserved 1048576K
}
Event: 25.093 GC heap before
{Heap before GC invocations=27 (full 1):
 PSYoungGen      total 412672K, used 408048K [0x00000000d5d00000, 0x00000000efd80000, 0x0000000100000000)
  eden space 400384K, 100% used [0x00000000d5d00000,0x00000000ee400000,0x00000000ee400000)
  from space 12288K, 62% used [0x00000000ee400000,0x00000000eeb7c010,0x00000000ef000000)
  to   space 12288K, 0% used [0x00000000ef000000,0x00000000ef000000,0x00000000efc00000)
 ParOldGen       total 70144K, used 22676K [0x0000000081600000, 0x0000000085a80000, 0x00000000d5d00000)
  object space 70144K, 32% used [0x0000000081600000,0x0000000082c25070,0x0000000085a80000)
 Metaspace       used 22297K, capacity 23834K, committed 23936K, reserved 1069056K
  class space    used 3081K, capacity 3392K, committed 3456K, reserved 1048576K
Event: 25.102 GC heap after
Heap after GC invocations=27 (full 1):
 PSYoungGen      total 412672K, used 7504K [0x00000000d5d00000, 0x00000000efd80000, 0x0000000100000000)
  eden space 400384K, 0% used [0x00000000d5d00000,0x00000000d5d00000,0x00000000ee400000)
  from space 12288K, 61% used [0x00000000ef000000,0x00000000ef754010,0x00000000efc00000)
  to   space 12288K, 0% used [0x00000000ee400000,0x00000000ee400000,0x00000000ef000000)
 ParOldGen       total 70144K, used 22884K [0x0000000081600000, 0x0000000085a80000, 0x00000000d5d00000)
  object space 70144K, 32% used [0x0000000081600000,0x0000000082c59070,0x0000000085a80000)
 Metaspace       used 22297K, capacity 23834K, committed 23936K, reserved 1069056K
  class space    used 3081K, capacity 3392K, committed 3456K, reserved 1048576K
}
Event: 25.898 GC heap before
{Heap before GC invocations=28 (full 1):
 PSYoungGen      total 412672K, used 407888K [0x00000000d5d00000, 0x00000000efd80000, 0x0000000100000000)
  eden space 400384K, 100% used [0x00000000d5d00000,0x00000000ee400000,0x00000000ee400000)
  from space 12288K, 61% used [0x00000000ef000000,0x00000000ef754010,0x00000000efc00000)
  to   space 12288K, 0% used [0x00000000ee400000,0x00000000ee400000,0x00000000ef000000)
 ParOldGen       total 70144K, used 22884K [0x0000000081600000, 0x0000000085a80000, 0x00000000d5d00000)
  object space 70144K, 32% used [0x0000000081600000,0x0000000082c59070,0x0000000085a80000)
 Metaspace       used 22319K, capacity 23834K, committed 23936K, reserved 1069056K
  class space    used 3081K, capacity 3392K, committed 3456K, reserved 1048576K
Event: 25.907 GC heap after
Heap after GC invocations=28 (full 1):
 PSYoungGen      total 412672K, used 1872K [0x00000000d5d00000, 0x00000000efd80000, 0x0000000100000000)
  eden space 400384K, 0% used [0x00000000d5d00000,0x00000000d5d00000,0x00000000ee400000)
  from space 12288K, 15% used [0x00000000ee400000,0x00000000ee5d4010,0x00000000ef000000)
  to   space 12288K, 0% used [0x00000000ef000000,0x00000000ef000000,0x00000000efc00000)
 ParOldGen       total 70144K, used 28558K [0x0000000081600000, 0x0000000085a80000, 0x00000000d5d00000)
  object space 70144K, 40% used [0x0000000081600000,0x00000000831e3b48,0x0000000085a80000)
 Metaspace       used 22319K, capacity 23834K, committed 23936K, reserved 1069056K
  class space    used 3081K, capacity 3392K, committed 3456K, reserved 1048576K
}
Event: 26.829 GC heap before
{Heap before GC invocations=29 (full 1):
 PSYoungGen      total 412672K, used 402256K [0x00000000d5d00000, 0x00000000efd80000, 0x0000000100000000)
  eden space 400384K, 100% used [0x00000000d5d00000,0x00000000ee400000,0x00000000ee400000)
  from space 12288K, 15% used [0x00000000ee400000,0x00000000ee5d4010,0x00000000ef000000)
  to   space 12288K, 0% used [0x00000000ef000000,0x00000000ef000000,0x00000000efc00000)
 ParOldGen       total 70144K, used 28558K [0x0000000081600000, 0x0000000085a80000, 0x00000000d5d00000)
  object space 70144K, 40% used [0x0000000081600000,0x00000000831e3b48,0x0000000085a80000)
 Metaspace       used 22320K, capacity 23834K, committed 23936K, reserved 1069056K
  class space    used 3081K, capacity 3392K, committed 3456K, reserved 1048576K
Event: 26.833 GC heap after
Heap after GC invocations=29 (full 1):
 PSYoungGen      total 412672K, used 1808K [0x00000000d5d00000, 0x00000000efd80000, 0x0000000100000000)
  eden space 400384K, 0% used [0x00000000d5d00000,0x00000000d5d00000,0x00000000ee400000)
  from space 12288K, 14% used [0x00000000ef000000,0x00000000ef1c4010,0x00000000efc00000)
  to   space 12288K, 0% used [0x00000000ee400000,0x00000000ee400000,0x00000000ef000000)
 ParOldGen       total 70144K, used 28638K [0x0000000081600000, 0x0000000085a80000, 0x00000000d5d00000)
  object space 70144K, 40% used [0x0000000081600000,0x00000000831f7b48,0x0000000085a80000)
 Metaspace       used 22320K, capacity 23834K, committed 23936K, reserved 1069056K
  class space    used 3081K, capacity 3392K, committed 3456K, reserved 1048576K
}
Event: 27.950 GC heap before
{Heap before GC invocations=30 (full 1):
 PSYoungGen      total 412672K, used 402192K [0x00000000d5d00000, 0x00000000efd80000, 0x0000000100000000)
  eden space 400384K, 100% used [0x00000000d5d00000,0x00000000ee400000,0x00000000ee400000)
  from space 12288K, 14% used [0x00000000ef000000,0x00000000ef1c4010,0x00000000efc00000)
  to   space 12288K, 0% used [0x00000000ee400000,0x00000000ee400000,0x00000000ef000000)
 ParOldGen       total 70144K, used 28638K [0x0000000081600000, 0x0000000085a80000, 0x00000000d5d00000)
  object space 70144K, 40% used [0x0000000081600000,0x00000000831f7b48,0x0000000085a80000)
 Metaspace       used 22334K, capacity 23902K, committed 24192K, reserved 1071104K
  class space    used 3081K, capacity 3392K, committed 3456K, reserved 1048576K
Event: 27.953 GC heap after
Heap after GC invocations=30 (full 1):
 PSYoungGen      total 412672K, used 1792K [0x00000000d5d00000, 0x00000000f1d80000, 0x0000000100000000)
  eden space 400384K, 0% used [0x00000000d5d00000,0x00000000d5d00000,0x00000000ee400000)
  from space 12288K, 14% used [0x00000000ee400000,0x00000000ee5c0000,0x00000000ef000000)
  to   space 12288K, 0% used [0x00000000f1180000,0x00000000f1180000,0x00000000f1d80000)
 ParOldGen       total 70144K, used 28670K [0x0000000081600000, 0x0000000085a80000, 0x00000000d5d00000)
  object space 70144K, 40% used [0x0000000081600000,0x00000000831ffb48,0x0000000085a80000)
 Metaspace       used 22334K, capacity 23902K, committed 24192K, reserved 1071104K
  class space    used 3081K, capacity 3392K, committed 3456K, reserved 1048576K
}

