# JRE version: Java(TM) SE Runtime Environment (8.0_45-b15) (build 1.8.0_45-b15)
# Java VM: Java HotSpot(TM) 64-Bit Server VM (25.45-b02 mixed mode windows-amd64 compressed oops)
Heap:
 PSYoungGen      total 171520K, used 126011K [0x00000000d5d00000, 0x00000000e1400000, 0x0000000100000000)
  eden space 162816K, 76% used [0x00000000d5d00000,0x00000000dd6a6f50,0x00000000dfc00000)
  from space 8704K, 16% used [0x00000000dfc00000,0x00000000dfd68000,0x00000000e0480000)
  to   space 8192K, 0% used [0x00000000e0c00000,0x00000000e0c00000,0x00000000e1400000)
 ParOldGen       total 59392K, used 16378K [0x0000000081600000, 0x0000000085000000, 0x00000000d5d00000)
  object space 59392K, 27% used [0x0000000081600000,0x00000000825fea28,0x0000000085000000)
 Metaspace       used 22285K, capacity 23834K, committed 23936K, reserved 1069056K
  class space    used 3085K, capacity 3392K, committed 3456K, reserved 1048576K
GC Heap History (10 events):
Event: 17.576 GC heap before
{Heap before GC invocations=16 (full 1):
 PSYoungGen      total 158720K, used 152800K [0x00000000d5d00000, 0x00000000e0400000, 0x0000000100000000)
  eden space 151552K, 100% used [0x00000000d5d00000,0x00000000df100000,0x00000000df100000)
  from space 7168K, 17% used [0x00000000dfd00000,0x00000000dfe38000,0x00000000e0400000)
  to   space 9728K, 0% used [0x00000000df100000,0x00000000df100000,0x00000000dfa80000)
 ParOldGen       total 59392K, used 16357K [0x0000000081600000, 0x0000000085000000, 0x00000000d5d00000)
  object space 59392K, 27% used [0x0000000081600000,0x00000000825f9568,0x0000000085000000)
 Metaspace       used 22161K, capacity 23686K, committed 23936K, reserved 1069056K
  class space    used 3079K, capacity 3386K, committed 3456K, reserved 1048576K
Event: 17.579 GC heap after
Heap after GC invocations=16 (full 1):
 PSYoungGen      total 161280K, used 1312K [0x00000000d5d00000, 0x00000000e0400000, 0x0000000100000000)
  eden space 151552K, 0% used [0x00000000d5d00000,0x00000000d5d00000,0x00000000df100000)
  from space 9728K, 13% used [0x00000000df100000,0x00000000df248000,0x00000000dfa80000)
  to   space 7168K, 0% used [0x00000000dfd00000,0x00000000dfd00000,0x00000000e0400000)
 ParOldGen       total 59392K, used 16357K [0x0000000081600000, 0x0000000085000000, 0x00000000d5d00000)
  object space 59392K, 27% used [0x0000000081600000,0x00000000825f9568,0x0000000085000000)
 Metaspace       used 22161K, capacity 23686K, committed 23936K, reserved 1069056K
  class space    used 3079K, capacity 3386K, committed 3456K, reserved 1048576K
}
Event: 20.042 GC heap before
{Heap before GC invocations=17 (full 1):
 PSYoungGen      total 161280K, used 152864K [0x00000000d5d00000, 0x00000000e0400000, 0x0000000100000000)
  eden space 151552K, 100% used [0x00000000d5d00000,0x00000000df100000,0x00000000df100000)
  from space 9728K, 13% used [0x00000000df100000,0x00000000df248000,0x00000000dfa80000)
  to   space 7168K, 0% used [0x00000000dfd00000,0x00000000dfd00000,0x00000000e0400000)
 ParOldGen       total 59392K, used 16357K [0x0000000081600000, 0x0000000085000000, 0x00000000d5d00000)
  object space 59392K, 27% used [0x0000000081600000,0x00000000825f9568,0x0000000085000000)
 Metaspace       used 22169K, capacity 23686K, committed 23936K, reserved 1069056K
  class space    used 3079K, capacity 3386K, committed 3456K, reserved 1048576K
Event: 20.044 GC heap after
Heap after GC invocations=17 (full 1):
 PSYoungGen      total 161792K, used 1312K [0x00000000d5d00000, 0x00000000e1100000, 0x0000000100000000)
  eden space 154624K, 0% used [0x00000000d5d00000,0x00000000d5d00000,0x00000000df400000)
  from space 7168K, 18% used [0x00000000dfd00000,0x00000000dfe48000,0x00000000e0400000)
  to   space 9216K, 0% used [0x00000000df400000,0x00000000df400000,0x00000000dfd00000)
 ParOldGen       total 59392K, used 16357K [0x0000000081600000, 0x0000000085000000, 0x00000000d5d00000)
  object space 59392K, 27% used [0x0000000081600000,0x00000000825f9568,0x0000000085000000)
 Metaspace       used 22169K, capacity 23686K, committed 23936K, reserved 1069056K
  class space    used 3079K, capacity 3386K, committed 3456K, reserved 1048576K
}
Event: 22.095 GC heap before
{Heap before GC invocations=18 (full 1):
 PSYoungGen      total 161792K, used 155936K [0x00000000d5d00000, 0x00000000e1100000, 0x0000000100000000)
  eden space 154624K, 100% used [0x00000000d5d00000,0x00000000df400000,0x00000000df400000)
  from space 7168K, 18% used [0x00000000dfd00000,0x00000000dfe48000,0x00000000e0400000)
  to   space 9216K, 0% used [0x00000000df400000,0x00000000df400000,0x00000000dfd00000)
 ParOldGen       total 59392K, used 16357K [0x0000000081600000, 0x0000000085000000, 0x00000000d5d00000)
  object space 59392K, 27% used [0x0000000081600000,0x00000000825f95a8,0x0000000085000000)
 Metaspace       used 22178K, capacity 23686K, committed 23936K, reserved 1069056K
  class space    used 3079K, capacity 3386K, committed 3456K, reserved 1048576K
Event: 22.098 GC heap after
Heap after GC invocations=18 (full 1):
 PSYoungGen      total 163840K, used 1280K [0x00000000d5d00000, 0x00000000e0d80000, 0x0000000100000000)
  eden space 154624K, 0% used [0x00000000d5d00000,0x00000000d5d00000,0x00000000df400000)
  from space 9216K, 13% used [0x00000000df400000,0x00000000df540000,0x00000000dfd00000)
  to   space 8704K, 0% used [0x00000000e0500000,0x00000000e0500000,0x00000000e0d80000)
 ParOldGen       total 59392K, used 16357K [0x0000000081600000, 0x0000000085000000, 0x00000000d5d00000)
  object space 59392K, 27% used [0x0000000081600000,0x00000000825f95a8,0x0000000085000000)
 Metaspace       used 22178K, capacity 23686K, committed 23936K, reserved 1069056K
  class space    used 3079K, capacity 3386K, committed 3456K, reserved 1048576K
}
Event: 23.238 GC heap before
{Heap before GC invocations=19 (full 1):
 PSYoungGen      total 163840K, used 155904K [0x00000000d5d00000, 0x00000000e0d80000, 0x0000000100000000)
  eden space 154624K, 100% used [0x00000000d5d00000,0x00000000df400000,0x00000000df400000)
  from space 9216K, 13% used [0x00000000df400000,0x00000000df540000,0x00000000dfd00000)
  to   space 8704K, 0% used [0x00000000e0500000,0x00000000e0500000,0x00000000e0d80000)
 ParOldGen       total 59392K, used 16370K [0x0000000081600000, 0x0000000085000000, 0x00000000d5d00000)
  object space 59392K, 27% used [0x0000000081600000,0x00000000825fca28,0x0000000085000000)
 Metaspace       used 22258K, capacity 23770K, committed 23936K, reserved 1069056K
  class space    used 3085K, capacity 3392K, committed 3456K, reserved 1048576K
Event: 23.241 GC heap after
Heap after GC invocations=19 (full 1):
 PSYoungGen      total 171008K, used 1312K [0x00000000d5d00000, 0x00000000e0d00000, 0x0000000100000000)
  eden space 162816K, 0% used [0x00000000d5d00000,0x00000000d5d00000,0x00000000dfc00000)
  from space 8192K, 16% used [0x00000000e0500000,0x00000000e0648000,0x00000000e0d00000)
  to   space 8704K, 0% used [0x00000000dfc00000,0x00000000dfc00000,0x00000000e0480000)
 ParOldGen       total 59392K, used 16370K [0x0000000081600000, 0x0000000085000000, 0x00000000d5d00000)
  object space 59392K, 27% used [0x0000000081600000,0x00000000825fca28,0x0000000085000000)
 Metaspace       used 22258K, capacity 23770K, committed 23936K, reserved 1069056K
  class space    used 3085K, capacity 3392K, committed 3456K, reserved 1048576K
}
Event: 24.169 GC heap before
{Heap before GC invocations=20 (full 1):
 PSYoungGen      total 171008K, used 164128K [0x00000000d5d00000, 0x00000000e0d00000, 0x0000000100000000)
  eden space 162816K, 100% used [0x00000000d5d00000,0x00000000dfc00000,0x00000000dfc00000)
  from space 8192K, 16% used [0x00000000e0500000,0x00000000e0648000,0x00000000e0d00000)
  to   space 8704K, 0% used [0x00000000dfc00000,0x00000000dfc00000,0x00000000e0480000)
 ParOldGen       total 59392K, used 16370K [0x0000000081600000, 0x0000000085000000, 0x00000000d5d00000)
  object space 59392K, 27% used [0x0000000081600000,0x00000000825fca28,0x0000000085000000)
 Metaspace       used 22276K, capacity 23770K, committed 23936K, reserved 1069056K
  class space    used 3085K, capacity 3392K, committed 3456K, reserved 1048576K
Event: 24.172 GC heap after
Heap after GC invocations=20 (full 1):
 PSYoungGen      total 171520K, used 1440K [0x00000000d5d00000, 0x00000000e1400000, 0x0000000100000000)
  eden space 162816K, 0% used [0x00000000d5d00000,0x00000000d5d00000,0x00000000dfc00000)
  from space 8704K, 16% used [0x00000000dfc00000,0x00000000dfd68000,0x00000000e0480000)
  to   space 8192K, 0% used [0x00000000e0c00000,0x00000000e0c00000,0x00000000e1400000)
 ParOldGen       total 59392K, used 16378K [0x0000000081600000, 0x0000000085000000, 0x00000000d5d00000)
  object space 59392K, 27% used [0x0000000081600000,0x00000000825fea28,0x0000000085000000)
 Metaspace       used 22276K, capacity 23770K, committed 23936K, reserved 1069056K
  class space    used 3085K, capacity 3392K, committed 3456K, reserved 1048576K
}

