# JRE version: Java(TM) SE Runtime Environment (8.0_45-b15) (build 1.8.0_45-b15)
# Java VM: Java HotSpot(TM) 64-Bit Server VM (25.45-b02 mixed mode windows-amd64 compressed oops)
Heap:
 PSYoungGen      total 109568K, used 17442K [0x00000000d5d00000, 0x00000000e0d80000, 0x0000000100000000)
  eden space 100352K, 11% used [0x00000000d5d00000,0x00000000d689f418,0x00000000dbf00000)
  from space 9216K, 60% used [0x00000000dbf00000,0x00000000dc469570,0x00000000dc800000)
  to   space 9216K, 0% used [0x00000000e0480000,0x00000000e0480000,0x00000000e0d80000)
 ParOldGen       total 56320K, used 11350K [0x0000000081600000, 0x0000000084d00000, 0x00000000d5d00000)
  object space 56320K, 20% used [0x0000000081600000,0x0000000082115870,0x0000000084d00000)
 Metaspace       used 21905K, capacity 23426K, committed 23680K, reserved 1069056K
  class space    used 3078K, capacity 3386K, committed 3456K, reserved 1048576K
GC Heap History (10 events):
Event: 4.606 GC heap before
{Heap before GC invocations=4 (full 1):
 PSYoungGen      total 38400K, used 5099K [0x00000000d5d00000, 0x00000000da800000, 0x0000000100000000)
  eden space 33280K, 0% used [0x00000000d5d00000,0x00000000d5d00000,0x00000000d7d80000)
  from space 5120K, 99% used [0x00000000d7d80000,0x00000000d827aea0,0x00000000d8280000)
  to   space 5120K, 0% used [0x00000000da300000,0x00000000da300000,0x00000000da800000)
 ParOldGen       total 87552K, used 4874K [0x0000000081600000, 0x0000000086b80000, 0x00000000d5d00000)
  object space 87552K, 5% used [0x0000000081600000,0x0000000081ac2bc0,0x0000000086b80000)
 Metaspace       used 19770K, capacity 21078K, committed 21248K, reserved 1067008K
  class space    used 2942K, capacity 3205K, committed 3328K, reserved 1048576K
Event: 4.653 GC heap after
Heap after GC invocations=4 (full 1):
 PSYoungGen      total 38400K, used 0K [0x00000000d5d00000, 0x00000000da800000, 0x0000000100000000)
  eden space 33280K, 0% used [0x00000000d5d00000,0x00000000d5d00000,0x00000000d7d80000)
  from space 5120K, 0% used [0x00000000d7d80000,0x00000000d7d80000,0x00000000d8280000)
  to   space 5120K, 0% used [0x00000000da300000,0x00000000da300000,0x00000000da800000)
 ParOldGen       total 56320K, used 9727K [0x0000000081600000, 0x0000000084d00000, 0x00000000d5d00000)
  object space 56320K, 17% used [0x0000000081600000,0x0000000081f7fde0,0x0000000084d00000)
 Metaspace       used 19770K, capacity 21078K, committed 21248K, reserved 1067008K
  class space    used 2942K, capacity 3205K, committed 3328K, reserved 1048576K
}
Event: 5.487 GC heap before
{Heap before GC invocations=5 (full 1):
 PSYoungGen      total 38400K, used 33280K [0x00000000d5d00000, 0x00000000da800000, 0x0000000100000000)
  eden space 33280K, 100% used [0x00000000d5d00000,0x00000000d7d80000,0x00000000d7d80000)
  from space 5120K, 0% used [0x00000000d7d80000,0x00000000d7d80000,0x00000000d8280000)
  to   space 5120K, 0% used [0x00000000da300000,0x00000000da300000,0x00000000da800000)
 ParOldGen       total 56320K, used 9727K [0x0000000081600000, 0x0000000084d00000, 0x00000000d5d00000)
  object space 56320K, 17% used [0x0000000081600000,0x0000000081f7fde0,0x0000000084d00000)
 Metaspace       used 21398K, capacity 22850K, committed 23168K, reserved 1069056K
  class space    used 3049K, capacity 3336K, committed 3456K, reserved 1048576K
Event: 5.502 GC heap after
Heap after GC invocations=5 (full 1):
 PSYoungGen      total 63488K, used 5093K [0x00000000d5d00000, 0x00000000da800000, 0x0000000100000000)
  eden space 58368K, 0% used [0x00000000d5d00000,0x00000000d5d00000,0x00000000d9600000)
  from space 5120K, 99% used [0x00000000da300000,0x00000000da7f9570,0x00000000da800000)
  to   space 5120K, 0% used [0x00000000d9e00000,0x00000000d9e00000,0x00000000da300000)
 ParOldGen       total 56320K, used 11246K [0x0000000081600000, 0x0000000084d00000, 0x00000000d5d00000)
  object space 56320K, 19% used [0x0000000081600000,0x00000000820fb870,0x0000000084d00000)
 Metaspace       used 21398K, capacity 22850K, committed 23168K, reserved 1069056K
  class space    used 3049K, capacity 3336K, committed 3456K, reserved 1048576K
}
Event: 7.941 GC heap before
{Heap before GC invocations=6 (full 1):
 PSYoungGen      total 63488K, used 63461K [0x00000000d5d00000, 0x00000000da800000, 0x0000000100000000)
  eden space 58368K, 100% used [0x00000000d5d00000,0x00000000d9600000,0x00000000d9600000)
  from space 5120K, 99% used [0x00000000da300000,0x00000000da7f9570,0x00000000da800000)
  to   space 5120K, 0% used [0x00000000d9e00000,0x00000000d9e00000,0x00000000da300000)
 ParOldGen       total 56320K, used 11246K [0x0000000081600000, 0x0000000084d00000, 0x00000000d5d00000)
  object space 56320K, 19% used [0x0000000081600000,0x00000000820fb870,0x0000000084d00000)
 Metaspace       used 21615K, capacity 23060K, committed 23424K, reserved 1069056K
  class space    used 3061K, capacity 3341K, committed 3456K, reserved 1048576K
Event: 7.950 GC heap after
Heap after GC invocations=6 (full 1):
 PSYoungGen      total 71680K, used 5093K [0x00000000d5d00000, 0x00000000dd180000, 0x0000000100000000)
  eden space 66560K, 0% used [0x00000000d5d00000,0x00000000d5d00000,0x00000000d9e00000)
  from space 5120K, 99% used [0x00000000d9e00000,0x00000000da2f9570,0x00000000da300000)
  to   space 9728K, 0% used [0x00000000dc800000,0x00000000dc800000,0x00000000dd180000)
 ParOldGen       total 56320K, used 11334K [0x0000000081600000, 0x0000000084d00000, 0x00000000d5d00000)
  object space 56320K, 20% used [0x0000000081600000,0x0000000082111870,0x0000000084d00000)
 Metaspace       used 21615K, capacity 23060K, committed 23424K, reserved 1069056K
  class space    used 3061K, capacity 3341K, committed 3456K, reserved 1048576K
}
Event: 9.490 GC heap before
{Heap before GC invocations=7 (full 1):
 PSYoungGen      total 71680K, used 71653K [0x00000000d5d00000, 0x00000000dd180000, 0x0000000100000000)
  eden space 66560K, 100% used [0x00000000d5d00000,0x00000000d9e00000,0x00000000d9e00000)
  from space 5120K, 99% used [0x00000000d9e00000,0x00000000da2f9570,0x00000000da300000)
  to   space 9728K, 0% used [0x00000000dc800000,0x00000000dc800000,0x00000000dd180000)
 ParOldGen       total 56320K, used 11334K [0x0000000081600000, 0x0000000084d00000, 0x00000000d5d00000)
  object space 56320K, 20% used [0x0000000081600000,0x0000000082111870,0x0000000084d00000)
 Metaspace       used 21834K, capacity 23362K, committed 23680K, reserved 1069056K
  class space    used 3078K, capacity 3386K, committed 3456K, reserved 1048576K
Event: 9.499 GC heap after
Heap after GC invocations=7 (full 1):
 PSYoungGen      total 110080K, used 5509K [0x00000000d5d00000, 0x00000000ddb00000, 0x0000000100000000)
  eden space 100352K, 0% used [0x00000000d5d00000,0x00000000d5d00000,0x00000000dbf00000)
  from space 9728K, 56% used [0x00000000dc800000,0x00000000dcd61570,0x00000000dd180000)
  to   space 9216K, 0% used [0x00000000dbf00000,0x00000000dbf00000,0x00000000dc800000)
 ParOldGen       total 56320K, used 11342K [0x0000000081600000, 0x0000000084d00000, 0x00000000d5d00000)
  object space 56320K, 20% used [0x0000000081600000,0x0000000082113870,0x0000000084d00000)
 Metaspace       used 21834K, capacity 23362K, committed 23680K, reserved 1069056K
  class space    used 3078K, capacity 3386K, committed 3456K, reserved 1048576K
}
Event: 10.850 GC heap before
{Heap before GC invocations=8 (full 1):
 PSYoungGen      total 110080K, used 105861K [0x00000000d5d00000, 0x00000000ddb00000, 0x0000000100000000)
  eden space 100352K, 100% used [0x00000000d5d00000,0x00000000dbf00000,0x00000000dbf00000)
  from space 9728K, 56% used [0x00000000dc800000,0x00000000dcd61570,0x00000000dd180000)
  to   space 9216K, 0% used [0x00000000dbf00000,0x00000000dbf00000,0x00000000dc800000)
 ParOldGen       total 56320K, used 11342K [0x0000000081600000, 0x0000000084d00000, 0x00000000d5d00000)
  object space 56320K, 20% used [0x0000000081600000,0x0000000082113870,0x0000000084d00000)
 Metaspace       used 21905K, capacity 23426K, committed 23680K, reserved 1069056K
  class space    used 3078K, capacity 3386K, committed 3456K, reserved 1048576K
Event: 10.860 GC heap after
Heap after GC invocations=8 (full 1):
 PSYoungGen      total 109568K, used 5541K [0x00000000d5d00000, 0x00000000e0d80000, 0x0000000100000000)
  eden space 100352K, 0% used [0x00000000d5d00000,0x00000000d5d00000,0x00000000dbf00000)
  from space 9216K, 60% used [0x00000000dbf00000,0x00000000dc469570,0x00000000dc800000)
  to   space 9216K, 0% used [0x00000000e0480000,0x00000000e0480000,0x00000000e0d80000)
 ParOldGen       total 56320K, used 11350K [0x0000000081600000, 0x0000000084d00000, 0x00000000d5d00000)
  object space 56320K, 20% used [0x0000000081600000,0x0000000082115870,0x0000000084d00000)
 Metaspace       used 21905K, capacity 23426K, committed 23680K, reserved 1069056K
  class space    used 3078K, capacity 3386K, committed 3456K, reserved 1048576K
}

