# JRE version: Java(TM) SE Runtime Environment (8.0_45-b15) (build 1.8.0_45-b15)
# Java VM: Java HotSpot(TM) 64-Bit Server VM (25.45-b02 mixed mode windows-amd64 compressed oops)
Heap:
 PSYoungGen      total 266240K, used 252130K [0x00000000d5d00000, 0x00000000e7780000, 0x0000000100000000)
  eden space 250880K, 94% used [0x00000000d5d00000,0x00000000e4438b90,0x00000000e5200000)
  from space 15360K, 100% used [0x00000000e6880000,0x00000000e7780000,0x00000000e7780000)
  to   space 18944K, 0% used [0x00000000e5280000,0x00000000e5280000,0x00000000e6500000)
 ParOldGen       total 68096K, used 20033K [0x0000000081600000, 0x0000000085880000, 0x00000000d5d00000)
  object space 68096K, 29% used [0x0000000081600000,0x0000000082990668,0x0000000085880000)
 Metaspace       used 22303K, capacity 23814K, committed 23936K, reserved 1069056K
  class space    used 3077K, capacity 3386K, committed 3456K, reserved 1048576K
GC Heap History (10 events):
Event: 12.514 GC heap before
{Heap before GC invocations=13 (full 1):
 PSYoungGen      total 142336K, used 139136K [0x00000000d5d00000, 0x00000000e1300000, 0x0000000100000000)
  eden space 130048K, 100% used [0x00000000d5d00000,0x00000000ddc00000,0x00000000ddc00000)
  from space 12288K, 73% used [0x00000000ddc00000,0x00000000de4e0000,0x00000000de800000)
  to   space 12288K, 0% used [0x00000000e0700000,0x00000000e0700000,0x00000000e1300000)
 ParOldGen       total 68096K, used 14257K [0x0000000081600000, 0x0000000085880000, 0x00000000d5d00000)
  object space 68096K, 20% used [0x0000000081600000,0x00000000823ec668,0x0000000085880000)
 Metaspace       used 22048K, capacity 23554K, committed 23680K, reserved 1069056K
  class space    used 3077K, capacity 3386K, committed 3456K, reserved 1048576K
Event: 12.527 GC heap after
Heap after GC invocations=13 (full 1):
 PSYoungGen      total 174080K, used 9120K [0x00000000d5d00000, 0x00000000e1780000, 0x0000000100000000)
  eden space 161792K, 0% used [0x00000000d5d00000,0x00000000d5d00000,0x00000000dfb00000)
  from space 12288K, 74% used [0x00000000e0700000,0x00000000e0fe8000,0x00000000e1300000)
  to   space 12288K, 0% used [0x00000000dfb00000,0x00000000dfb00000,0x00000000e0700000)
 ParOldGen       total 68096K, used 14257K [0x0000000081600000, 0x0000000085880000, 0x00000000d5d00000)
  object space 68096K, 20% used [0x0000000081600000,0x00000000823ec668,0x0000000085880000)
 Metaspace       used 22048K, capacity 23554K, committed 23680K, reserved 1069056K
  class space    used 3077K, capacity 3386K, committed 3456K, reserved 1048576K
}
Event: 13.845 GC heap before
{Heap before GC invocations=14 (full 1):
 PSYoungGen      total 174080K, used 170912K [0x00000000d5d00000, 0x00000000e1780000, 0x0000000100000000)
  eden space 161792K, 100% used [0x00000000d5d00000,0x00000000dfb00000,0x00000000dfb00000)
  from space 12288K, 74% used [0x00000000e0700000,0x00000000e0fe8000,0x00000000e1300000)
  to   space 12288K, 0% used [0x00000000dfb00000,0x00000000dfb00000,0x00000000e0700000)
 ParOldGen       total 68096K, used 14257K [0x0000000081600000, 0x0000000085880000, 0x00000000d5d00000)
  object space 68096K, 20% used [0x0000000081600000,0x00000000823ec668,0x0000000085880000)
 Metaspace       used 22131K, capacity 23686K, committed 23936K, reserved 1069056K
  class space    used 3077K, capacity 3386K, committed 3456K, reserved 1048576K
Event: 13.868 GC heap after
Heap after GC invocations=14 (full 1):
 PSYoungGen      total 174080K, used 12096K [0x00000000d5d00000, 0x00000000e4000000, 0x0000000100000000)
  eden space 161792K, 0% used [0x00000000d5d00000,0x00000000d5d00000,0x00000000dfb00000)
  from space 12288K, 98% used [0x00000000dfb00000,0x00000000e06d0000,0x00000000e0700000)
  to   space 13312K, 0% used [0x00000000e3300000,0x00000000e3300000,0x00000000e4000000)
 ParOldGen       total 68096K, used 14265K [0x0000000081600000, 0x0000000085880000, 0x00000000d5d00000)
  object space 68096K, 20% used [0x0000000081600000,0x00000000823ee668,0x0000000085880000)
 Metaspace       used 22131K, capacity 23686K, committed 23936K, reserved 1069056K
  class space    used 3077K, capacity 3386K, committed 3456K, reserved 1048576K
}
Event: 14.366 GC heap before
{Heap before GC invocations=15 (full 1):
 PSYoungGen      total 174080K, used 173888K [0x00000000d5d00000, 0x00000000e4000000, 0x0000000100000000)
  eden space 161792K, 100% used [0x00000000d5d00000,0x00000000dfb00000,0x00000000dfb00000)
  from space 12288K, 98% used [0x00000000dfb00000,0x00000000e06d0000,0x00000000e0700000)
  to   space 13312K, 0% used [0x00000000e3300000,0x00000000e3300000,0x00000000e4000000)
 ParOldGen       total 68096K, used 14265K [0x0000000081600000, 0x0000000085880000, 0x00000000d5d00000)
  object space 68096K, 20% used [0x0000000081600000,0x00000000823ee668,0x0000000085880000)
 Metaspace       used 22134K, capacity 23686K, committed 23936K, reserved 1069056K
  class space    used 3077K, capacity 3386K, committed 3456K, reserved 1048576K
Event: 14.382 GC heap after
Heap after GC invocations=15 (full 1):
 PSYoungGen      total 218112K, used 12096K [0x00000000d5d00000, 0x00000000e4580000, 0x0000000100000000)
  eden space 204800K, 0% used [0x00000000d5d00000,0x00000000d5d00000,0x00000000e2500000)
  from space 13312K, 90% used [0x00000000e3300000,0x00000000e3ed0000,0x00000000e4000000)
  to   space 14336K, 0% used [0x00000000e2500000,0x00000000e2500000,0x00000000e3300000)
 ParOldGen       total 68096K, used 14265K [0x0000000081600000, 0x0000000085880000, 0x00000000d5d00000)
  object space 68096K, 20% used [0x0000000081600000,0x00000000823ee668,0x0000000085880000)
 Metaspace       used 22134K, capacity 23686K, committed 23936K, reserved 1069056K
  class space    used 3077K, capacity 3386K, committed 3456K, reserved 1048576K
}
Event: 17.053 GC heap before
{Heap before GC invocations=16 (full 1):
 PSYoungGen      total 218112K, used 216896K [0x00000000d5d00000, 0x00000000e4580000, 0x0000000100000000)
  eden space 204800K, 100% used [0x00000000d5d00000,0x00000000e2500000,0x00000000e2500000)
  from space 13312K, 90% used [0x00000000e3300000,0x00000000e3ed0000,0x00000000e4000000)
  to   space 14336K, 0% used [0x00000000e2500000,0x00000000e2500000,0x00000000e3300000)
 ParOldGen       total 68096K, used 14265K [0x0000000081600000, 0x0000000085880000, 0x00000000d5d00000)
  object space 68096K, 20% used [0x0000000081600000,0x00000000823ee668,0x0000000085880000)
 Metaspace       used 22150K, capacity 23686K, committed 23936K, reserved 1069056K
  class space    used 3077K, capacity 3386K, committed 3456K, reserved 1048576K
Event: 17.067 GC heap after
Heap after GC invocations=16 (full 1):
 PSYoungGen      total 219136K, used 12064K [0x00000000d5d00000, 0x00000000e7780000, 0x0000000100000000)
  eden space 204800K, 0% used [0x00000000d5d00000,0x00000000d5d00000,0x00000000e2500000)
  from space 14336K, 84% used [0x00000000e2500000,0x00000000e30c8000,0x00000000e3300000)
  to   space 15360K, 0% used [0x00000000e6880000,0x00000000e6880000,0x00000000e7780000)
 ParOldGen       total 68096K, used 14265K [0x0000000081600000, 0x0000000085880000, 0x00000000d5d00000)
  object space 68096K, 20% used [0x0000000081600000,0x00000000823ee668,0x0000000085880000)
 Metaspace       used 22150K, capacity 23686K, committed 23936K, reserved 1069056K
  class space    used 3077K, capacity 3386K, committed 3456K, reserved 1048576K
}
Event: 37.325 GC heap before
{Heap before GC invocations=17 (full 1):
 PSYoungGen      total 219136K, used 216864K [0x00000000d5d00000, 0x00000000e7780000, 0x0000000100000000)
  eden space 204800K, 100% used [0x00000000d5d00000,0x00000000e2500000,0x00000000e2500000)
  from space 14336K, 84% used [0x00000000e2500000,0x00000000e30c8000,0x00000000e3300000)
  to   space 15360K, 0% used [0x00000000e6880000,0x00000000e6880000,0x00000000e7780000)
 ParOldGen       total 68096K, used 14265K [0x0000000081600000, 0x0000000085880000, 0x00000000d5d00000)
  object space 68096K, 20% used [0x0000000081600000,0x00000000823ee668,0x0000000085880000)
 Metaspace       used 22259K, capacity 23750K, committed 23936K, reserved 1069056K
  class space    used 3077K, capacity 3386K, committed 3456K, reserved 1048576K
Event: 37.351 GC heap after
Heap after GC invocations=17 (full 1):
 PSYoungGen      total 266240K, used 15360K [0x00000000d5d00000, 0x00000000e7780000, 0x0000000100000000)
  eden space 250880K, 0% used [0x00000000d5d00000,0x00000000d5d00000,0x00000000e5200000)
  from space 15360K, 100% used [0x00000000e6880000,0x00000000e7780000,0x00000000e7780000)
  to   space 18944K, 0% used [0x00000000e5280000,0x00000000e5280000,0x00000000e6500000)
 ParOldGen       total 68096K, used 20033K [0x0000000081600000, 0x0000000085880000, 0x00000000d5d00000)
  object space 68096K, 29% used [0x0000000081600000,0x0000000082990668,0x0000000085880000)
 Metaspace       used 22259K, capacity 23750K, committed 23936K, reserved 1069056K
  class space    used 3077K, capacity 3386K, committed 3456K, reserved 1048576K
}

