# JRE version: Java(TM) SE Runtime Environment (8.0_45-b15) (build 1.8.0_45-b15)
# Java VM: Java HotSpot(TM) 64-Bit Server VM (25.45-b02 mixed mode windows-amd64 compressed oops)
Heap:
 PSYoungGen      total 427520K, used 23084K [0x00000000d5d00000, 0x00000000f0900000, 0x0000000100000000)
  eden space 416768K, 3% used [0x00000000d5d00000,0x00000000d6d0b2c8,0x00000000ef400000)
  from space 10752K, 61% used [0x00000000ef400000,0x00000000efa80000,0x00000000efe80000)
  to   space 9216K, 0% used [0x00000000f0000000,0x00000000f0000000,0x00000000f0900000)
 ParOldGen       total 74240K, used 22212K [0x0000000081600000, 0x0000000085e80000, 0x00000000d5d00000)
  object space 74240K, 29% used [0x0000000081600000,0x0000000082bb1398,0x0000000085e80000)
 Metaspace       used 22253K, capacity 23770K, committed 23936K, reserved 1069056K
  class space    used 3084K, capacity 3392K, committed 3456K, reserved 1048576K
GC Heap History (10 events):
Event: 17.596 GC heap before
{Heap before GC invocations=22 (full 1):
 PSYoungGen      total 340992K, used 336000K [0x00000000d5d00000, 0x00000000eb680000, 0x0000000100000000)
  eden space 329728K, 100% used [0x00000000d5d00000,0x00000000e9f00000,0x00000000e9f00000)
  from space 11264K, 55% used [0x00000000eaa00000,0x00000000eb020000,0x00000000eb500000)
  to   space 11264K, 0% used [0x00000000e9f00000,0x00000000e9f00000,0x00000000eaa00000)
 ParOldGen       total 74240K, used 22092K [0x0000000081600000, 0x0000000085e80000, 0x00000000d5d00000)
  object space 74240K, 29% used [0x0000000081600000,0x0000000082b93398,0x0000000085e80000)
 Metaspace       used 22190K, capacity 23770K, committed 23936K, reserved 1069056K
  class space    used 3082K, capacity 3392K, committed 3456K, reserved 1048576K
Event: 17.605 GC heap after
Heap after GC invocations=22 (full 1):
 PSYoungGen      total 340992K, used 6336K [0x00000000d5d00000, 0x00000000edf80000, 0x0000000100000000)
  eden space 329728K, 0% used [0x00000000d5d00000,0x00000000d5d00000,0x00000000e9f00000)
  from space 11264K, 56% used [0x00000000e9f00000,0x00000000ea530000,0x00000000eaa00000)
  to   space 10752K, 0% used [0x00000000ed500000,0x00000000ed500000,0x00000000edf80000)
 ParOldGen       total 74240K, used 22092K [0x0000000081600000, 0x0000000085e80000, 0x00000000d5d00000)
  object space 74240K, 29% used [0x0000000081600000,0x0000000082b93398,0x0000000085e80000)
 Metaspace       used 22190K, capacity 23770K, committed 23936K, reserved 1069056K
  class space    used 3082K, capacity 3392K, committed 3456K, reserved 1048576K
}
Event: 18.419 GC heap before
{Heap before GC invocations=23 (full 1):
 PSYoungGen      total 340992K, used 336064K [0x00000000d5d00000, 0x00000000edf80000, 0x0000000100000000)
  eden space 329728K, 100% used [0x00000000d5d00000,0x00000000e9f00000,0x00000000e9f00000)
  from space 11264K, 56% used [0x00000000e9f00000,0x00000000ea530000,0x00000000eaa00000)
  to   space 10752K, 0% used [0x00000000ed500000,0x00000000ed500000,0x00000000edf80000)
 ParOldGen       total 74240K, used 22092K [0x0000000081600000, 0x0000000085e80000, 0x00000000d5d00000)
  object space 74240K, 29% used [0x0000000081600000,0x0000000082b93398,0x0000000085e80000)
 Metaspace       used 22228K, capacity 23770K, committed 23936K, reserved 1069056K
  class space    used 3083K, capacity 3392K, committed 3456K, reserved 1048576K
Event: 18.427 GC heap after
Heap after GC invocations=23 (full 1):
 PSYoungGen      total 382976K, used 6496K [0x00000000d5d00000, 0x00000000ede80000, 0x0000000100000000)
  eden space 373248K, 0% used [0x00000000d5d00000,0x00000000d5d00000,0x00000000ec980000)
  from space 9728K, 66% used [0x00000000ed500000,0x00000000edb58000,0x00000000ede80000)
  to   space 10752K, 0% used [0x00000000ec980000,0x00000000ec980000,0x00000000ed400000)
 ParOldGen       total 74240K, used 22092K [0x0000000081600000, 0x0000000085e80000, 0x00000000d5d00000)
  object space 74240K, 29% used [0x0000000081600000,0x0000000082b93398,0x0000000085e80000)
 Metaspace       used 22228K, capacity 23770K, committed 23936K, reserved 1069056K
  class space    used 3083K, capacity 3392K, committed 3456K, reserved 1048576K
}
Event: 20.216 GC heap before
{Heap before GC invocations=24 (full 1):
 PSYoungGen      total 382976K, used 379744K [0x00000000d5d00000, 0x00000000ede80000, 0x0000000100000000)
  eden space 373248K, 100% used [0x00000000d5d00000,0x00000000ec980000,0x00000000ec980000)
  from space 9728K, 66% used [0x00000000ed500000,0x00000000edb58000,0x00000000ede80000)
  to   space 10752K, 0% used [0x00000000ec980000,0x00000000ec980000,0x00000000ed400000)
 ParOldGen       total 74240K, used 22092K [0x0000000081600000, 0x0000000085e80000, 0x00000000d5d00000)
  object space 74240K, 29% used [0x0000000081600000,0x0000000082b93398,0x0000000085e80000)
 Metaspace       used 22239K, capacity 23770K, committed 23936K, reserved 1069056K
  class space    used 3084K, capacity 3392K, committed 3456K, reserved 1048576K
Event: 20.226 GC heap after
Heap after GC invocations=24 (full 1):
 PSYoungGen      total 384000K, used 6624K [0x00000000d5d00000, 0x00000000f0a80000, 0x0000000100000000)
  eden space 373248K, 0% used [0x00000000d5d00000,0x00000000d5d00000,0x00000000ec980000)
  from space 10752K, 61% used [0x00000000ec980000,0x00000000ecff8000,0x00000000ed400000)
  to   space 10752K, 0% used [0x00000000f0000000,0x00000000f0000000,0x00000000f0a80000)
 ParOldGen       total 74240K, used 22092K [0x0000000081600000, 0x0000000085e80000, 0x00000000d5d00000)
  object space 74240K, 29% used [0x0000000081600000,0x0000000082b93398,0x0000000085e80000)
 Metaspace       used 22239K, capacity 23770K, committed 23936K, reserved 1069056K
  class space    used 3084K, capacity 3392K, committed 3456K, reserved 1048576K
}
Event: 21.521 GC heap before
{Heap before GC invocations=25 (full 1):
 PSYoungGen      total 384000K, used 379872K [0x00000000d5d00000, 0x00000000f0a80000, 0x0000000100000000)
  eden space 373248K, 100% used [0x00000000d5d00000,0x00000000ec980000,0x00000000ec980000)
  from space 10752K, 61% used [0x00000000ec980000,0x00000000ecff8000,0x00000000ed400000)
  to   space 10752K, 0% used [0x00000000f0000000,0x00000000f0000000,0x00000000f0a80000)
 ParOldGen       total 74240K, used 22092K [0x0000000081600000, 0x0000000085e80000, 0x00000000d5d00000)
  object space 74240K, 29% used [0x0000000081600000,0x0000000082b93398,0x0000000085e80000)
 Metaspace       used 22247K, capacity 23770K, committed 23936K, reserved 1069056K
  class space    used 3084K, capacity 3392K, committed 3456K, reserved 1048576K
Event: 21.532 GC heap after
Heap after GC invocations=25 (full 1):
 PSYoungGen      total 425984K, used 6624K [0x00000000d5d00000, 0x00000000f0900000, 0x0000000100000000)
  eden space 416768K, 0% used [0x00000000d5d00000,0x00000000d5d00000,0x00000000ef400000)
  from space 9216K, 71% used [0x00000000f0000000,0x00000000f0678000,0x00000000f0900000)
  to   space 10752K, 0% used [0x00000000ef400000,0x00000000ef400000,0x00000000efe80000)
 ParOldGen       total 74240K, used 22140K [0x0000000081600000, 0x0000000085e80000, 0x00000000d5d00000)
  object space 74240K, 29% used [0x0000000081600000,0x0000000082b9f398,0x0000000085e80000)
 Metaspace       used 22247K, capacity 23770K, committed 23936K, reserved 1069056K
  class space    used 3084K, capacity 3392K, committed 3456K, reserved 1048576K
}
Event: 23.046 GC heap before
{Heap before GC invocations=26 (full 1):
 PSYoungGen      total 425984K, used 423392K [0x00000000d5d00000, 0x00000000f0900000, 0x0000000100000000)
  eden space 416768K, 100% used [0x00000000d5d00000,0x00000000ef400000,0x00000000ef400000)
  from space 9216K, 71% used [0x00000000f0000000,0x00000000f0678000,0x00000000f0900000)
  to   space 10752K, 0% used [0x00000000ef400000,0x00000000ef400000,0x00000000efe80000)
 ParOldGen       total 74240K, used 22140K [0x0000000081600000, 0x0000000085e80000, 0x00000000d5d00000)
  object space 74240K, 29% used [0x0000000081600000,0x0000000082b9f398,0x0000000085e80000)
 Metaspace       used 22253K, capacity 23770K, committed 23936K, reserved 1069056K
  class space    used 3084K, capacity 3392K, committed 3456K, reserved 1048576K
Event: 23.058 GC heap after
Heap after GC invocations=26 (full 1):
 PSYoungGen      total 427520K, used 6656K [0x00000000d5d00000, 0x00000000f0900000, 0x0000000100000000)
  eden space 416768K, 0% used [0x00000000d5d00000,0x00000000d5d00000,0x00000000ef400000)
  from space 10752K, 61% used [0x00000000ef400000,0x00000000efa80000,0x00000000efe80000)
  to   space 9216K, 0% used [0x00000000f0000000,0x00000000f0000000,0x00000000f0900000)
 ParOldGen       total 74240K, used 22212K [0x0000000081600000, 0x0000000085e80000, 0x00000000d5d00000)
  object space 74240K, 29% used [0x0000000081600000,0x0000000082bb1398,0x0000000085e80000)
 Metaspace       used 22253K, capacity 23770K, committed 23936K, reserved 1069056K
  class space    used 3084K, capacity 3392K, committed 3456K, reserved 1048576K
}

