# JRE version: Java(TM) SE Runtime Environment (8.0_45-b15) (build 1.8.0_45-b15)
# Java VM: Java HotSpot(TM) 64-Bit Server VM (25.45-b02 mixed mode windows-amd64 compressed oops)
Heap:
 PSYoungGen      total 174080K, used 50509K [0x00000000d5d00000, 0x00000000e1080000, 0x0000000100000000)
  eden space 164352K, 30% used [0x00000000d5d00000,0x00000000d8da34d0,0x00000000dfd80000)
  from space 9728K, 7% used [0x00000000dfd80000,0x00000000dfe30000,0x00000000e0700000)
  to   space 8192K, 0% used [0x00000000e0880000,0x00000000e0880000,0x00000000e1080000)
 ParOldGen       total 60928K, used 16540K [0x0000000081600000, 0x0000000085180000, 0x00000000d5d00000)
  object space 60928K, 27% used [0x0000000081600000,0x0000000082627128,0x0000000085180000)
 Metaspace       used 22095K, capacity 23624K, committed 23936K, reserved 1069056K
  class space    used 3071K, capacity 3349K, committed 3456K, reserved 1048576K
GC Heap History (10 events):
Event: 9.592 GC heap before
{Heap before GC invocations=14 (full 1):
 PSYoungGen      total 148992K, used 142304K [0x00000000d5d00000, 0x00000000dfa80000, 0x0000000100000000)
  eden space 141824K, 100% used [0x00000000d5d00000,0x00000000de780000,0x00000000de780000)
  from space 7168K, 6% used [0x00000000df380000,0x00000000df3f8000,0x00000000dfa80000)
  to   space 9728K, 0% used [0x00000000de780000,0x00000000de780000,0x00000000df100000)
 ParOldGen       total 60928K, used 16524K [0x0000000081600000, 0x0000000085180000, 0x00000000d5d00000)
  object space 60928K, 27% used [0x0000000081600000,0x0000000082623128,0x0000000085180000)
 Metaspace       used 21948K, capacity 23380K, committed 23680K, reserved 1069056K
  class space    used 3059K, capacity 3341K, committed 3456K, reserved 1048576K
Event: 9.594 GC heap after
Heap after GC invocations=14 (full 1):
 PSYoungGen      total 151552K, used 608K [0x00000000d5d00000, 0x00000000dfa80000, 0x0000000100000000)
  eden space 141824K, 0% used [0x00000000d5d00000,0x00000000d5d00000,0x00000000de780000)
  from space 9728K, 6% used [0x00000000de780000,0x00000000de818000,0x00000000df100000)
  to   space 7168K, 0% used [0x00000000df380000,0x00000000df380000,0x00000000dfa80000)
 ParOldGen       total 60928K, used 16532K [0x0000000081600000, 0x0000000085180000, 0x00000000d5d00000)
  object space 60928K, 27% used [0x0000000081600000,0x0000000082625128,0x0000000085180000)
 Metaspace       used 21948K, capacity 23380K, committed 23680K, reserved 1069056K
  class space    used 3059K, capacity 3341K, committed 3456K, reserved 1048576K
}
Event: 10.076 GC heap before
{Heap before GC invocations=15 (full 1):
 PSYoungGen      total 151552K, used 142432K [0x00000000d5d00000, 0x00000000dfa80000, 0x0000000100000000)
  eden space 141824K, 100% used [0x00000000d5d00000,0x00000000de780000,0x00000000de780000)
  from space 9728K, 6% used [0x00000000de780000,0x00000000de818000,0x00000000df100000)
  to   space 7168K, 0% used [0x00000000df380000,0x00000000df380000,0x00000000dfa80000)
 ParOldGen       total 60928K, used 16532K [0x0000000081600000, 0x0000000085180000, 0x00000000d5d00000)
  object space 60928K, 27% used [0x0000000081600000,0x0000000082625128,0x0000000085180000)
 Metaspace       used 21971K, capacity 23384K, committed 23680K, reserved 1069056K
  class space    used 3059K, capacity 3341K, committed 3456K, reserved 1048576K
Event: 10.077 GC heap after
Heap after GC invocations=15 (full 1):
 PSYoungGen      total 148992K, used 608K [0x00000000d5d00000, 0x00000000dfa80000, 0x0000000100000000)
  eden space 141824K, 0% used [0x00000000d5d00000,0x00000000d5d00000,0x00000000de780000)
  from space 7168K, 8% used [0x00000000df380000,0x00000000df418000,0x00000000dfa80000)
  to   space 9728K, 0% used [0x00000000de780000,0x00000000de780000,0x00000000df100000)
 ParOldGen       total 60928K, used 16532K [0x0000000081600000, 0x0000000085180000, 0x00000000d5d00000)
  object space 60928K, 27% used [0x0000000081600000,0x0000000082625128,0x0000000085180000)
 Metaspace       used 21971K, capacity 23384K, committed 23680K, reserved 1069056K
  class space    used 3059K, capacity 3341K, committed 3456K, reserved 1048576K
}
Event: 10.536 GC heap before
{Heap before GC invocations=16 (full 1):
 PSYoungGen      total 148992K, used 142432K [0x00000000d5d00000, 0x00000000dfa80000, 0x0000000100000000)
  eden space 141824K, 100% used [0x00000000d5d00000,0x00000000de780000,0x00000000de780000)
  from space 7168K, 8% used [0x00000000df380000,0x00000000df418000,0x00000000dfa80000)
  to   space 9728K, 0% used [0x00000000de780000,0x00000000de780000,0x00000000df100000)
 ParOldGen       total 60928K, used 16532K [0x0000000081600000, 0x0000000085180000, 0x00000000d5d00000)
  object space 60928K, 27% used [0x0000000081600000,0x0000000082625128,0x0000000085180000)
 Metaspace       used 21976K, capacity 23384K, committed 23680K, reserved 1069056K
  class space    used 3059K, capacity 3341K, committed 3456K, reserved 1048576K
Event: 10.538 GC heap after
Heap after GC invocations=16 (full 1):
 PSYoungGen      total 151552K, used 672K [0x00000000d5d00000, 0x00000000e1200000, 0x0000000100000000)
  eden space 141824K, 0% used [0x00000000d5d00000,0x00000000d5d00000,0x00000000de780000)
  from space 9728K, 6% used [0x00000000de780000,0x00000000de828000,0x00000000df100000)
  to   space 9728K, 0% used [0x00000000e0880000,0x00000000e0880000,0x00000000e1200000)
 ParOldGen       total 60928K, used 16532K [0x0000000081600000, 0x0000000085180000, 0x00000000d5d00000)
  object space 60928K, 27% used [0x0000000081600000,0x0000000082625128,0x0000000085180000)
 Metaspace       used 21976K, capacity 23384K, committed 23680K, reserved 1069056K
  class space    used 3059K, capacity 3341K, committed 3456K, reserved 1048576K
}
Event: 10.964 GC heap before
{Heap before GC invocations=17 (full 1):
 PSYoungGen      total 151552K, used 142496K [0x00000000d5d00000, 0x00000000e1200000, 0x0000000100000000)
  eden space 141824K, 100% used [0x00000000d5d00000,0x00000000de780000,0x00000000de780000)
  from space 9728K, 6% used [0x00000000de780000,0x00000000de828000,0x00000000df100000)
  to   space 9728K, 0% used [0x00000000e0880000,0x00000000e0880000,0x00000000e1200000)
 ParOldGen       total 60928K, used 16532K [0x0000000081600000, 0x0000000085180000, 0x00000000d5d00000)
  object space 60928K, 27% used [0x0000000081600000,0x0000000082625128,0x0000000085180000)
 Metaspace       used 21991K, capacity 23448K, committed 23680K, reserved 1069056K
  class space    used 3060K, capacity 3341K, committed 3456K, reserved 1048576K
Event: 10.966 GC heap after
Heap after GC invocations=17 (full 1):
 PSYoungGen      total 172544K, used 576K [0x00000000d5d00000, 0x00000000e1080000, 0x0000000100000000)
  eden space 164352K, 0% used [0x00000000d5d00000,0x00000000d5d00000,0x00000000dfd80000)
  from space 8192K, 7% used [0x00000000e0880000,0x00000000e0910000,0x00000000e1080000)
  to   space 9728K, 0% used [0x00000000dfd80000,0x00000000dfd80000,0x00000000e0700000)
 ParOldGen       total 60928K, used 16532K [0x0000000081600000, 0x0000000085180000, 0x00000000d5d00000)
  object space 60928K, 27% used [0x0000000081600000,0x0000000082625128,0x0000000085180000)
 Metaspace       used 21991K, capacity 23448K, committed 23680K, reserved 1069056K
  class space    used 3060K, capacity 3341K, committed 3456K, reserved 1048576K
}
Event: 11.514 GC heap before
{Heap before GC invocations=18 (full 1):
 PSYoungGen      total 172544K, used 164928K [0x00000000d5d00000, 0x00000000e1080000, 0x0000000100000000)
  eden space 164352K, 100% used [0x00000000d5d00000,0x00000000dfd80000,0x00000000dfd80000)
  from space 8192K, 7% used [0x00000000e0880000,0x00000000e0910000,0x00000000e1080000)
  to   space 9728K, 0% used [0x00000000dfd80000,0x00000000dfd80000,0x00000000e0700000)
 ParOldGen       total 60928K, used 16532K [0x0000000081600000, 0x0000000085180000, 0x00000000d5d00000)
  object space 60928K, 27% used [0x0000000081600000,0x0000000082625128,0x0000000085180000)
 Metaspace       used 22000K, capacity 23512K, committed 23680K, reserved 1069056K
  class space    used 3060K, capacity 3341K, committed 3456K, reserved 1048576K
Event: 11.516 GC heap after
Heap after GC invocations=18 (full 1):
 PSYoungGen      total 174080K, used 704K [0x00000000d5d00000, 0x00000000e1080000, 0x0000000100000000)
  eden space 164352K, 0% used [0x00000000d5d00000,0x00000000d5d00000,0x00000000dfd80000)
  from space 9728K, 7% used [0x00000000dfd80000,0x00000000dfe30000,0x00000000e0700000)
  to   space 8192K, 0% used [0x00000000e0880000,0x00000000e0880000,0x00000000e1080000)
 ParOldGen       total 60928K, used 16540K [0x0000000081600000, 0x0000000085180000, 0x00000000d5d00000)
  object space 60928K, 27% used [0x0000000081600000,0x0000000082627128,0x0000000085180000)
 Metaspace       used 22000K, capacity 23512K, committed 23680K, reserved 1069056K
  class space    used 3060K, capacity 3341K, committed 3456K, reserved 1048576K
}

