# JRE version: Java(TM) SE Runtime Environment (8.0_45-b15) (build 1.8.0_45-b15)
# Java VM: Java HotSpot(TM) 64-Bit Server VM (25.45-b02 mixed mode windows-amd64 compressed oops)
Heap:
 PSYoungGen      total 159232K, used 40667K [0x00000000d5d00000, 0x00000000e0300000, 0x0000000100000000)
  eden space 150016K, 26% used [0x00000000d5d00000,0x00000000d8386c28,0x00000000def80000)
  from space 9216K, 13% used [0x00000000def80000,0x00000000df0b0000,0x00000000df880000)
  to   space 8704K, 0% used [0x00000000df880000,0x00000000df880000,0x00000000e0100000)
 ParOldGen       total 57856K, used 16855K [0x0000000081600000, 0x0000000084e80000, 0x00000000d5d00000)
  object space 57856K, 29% used [0x0000000081600000,0x0000000082675d70,0x0000000084e80000)
 Metaspace       used 22054K, capacity 23554K, committed 23680K, reserved 1069056K
  class space    used 3075K, capacity 3386K, committed 3456K, reserved 1048576K
GC Heap History (10 events):
Event: 5.549 GC heap before
{Heap before GC invocations=6 (full 1):
 PSYoungGen      total 61952K, used 61925K [0x00000000d5d00000, 0x00000000da800000, 0x0000000100000000)
  eden space 56832K, 100% used [0x00000000d5d00000,0x00000000d9480000,0x00000000d9480000)
  from space 5120K, 99% used [0x00000000da300000,0x00000000da7f9570,0x00000000da800000)
  to   space 5120K, 0% used [0x00000000d9e00000,0x00000000d9e00000,0x00000000da300000)
 ParOldGen       total 57856K, used 11206K [0x0000000081600000, 0x0000000084e80000, 0x00000000d5d00000)
  object space 57856K, 19% used [0x0000000081600000,0x00000000820f1be8,0x0000000084e80000)
 Metaspace       used 21664K, capacity 23104K, committed 23424K, reserved 1069056K
  class space    used 3070K, capacity 3349K, committed 3456K, reserved 1048576K
Event: 5.558 GC heap after
Heap after GC invocations=6 (full 1):
 PSYoungGen      total 71680K, used 5093K [0x00000000d5d00000, 0x00000000dcb00000, 0x0000000100000000)
  eden space 66560K, 0% used [0x00000000d5d00000,0x00000000d5d00000,0x00000000d9e00000)
  from space 5120K, 99% used [0x00000000d9e00000,0x00000000da2f9570,0x00000000da300000)
  to   space 9216K, 0% used [0x00000000dc200000,0x00000000dc200000,0x00000000dcb00000)
 ParOldGen       total 57856K, used 11707K [0x0000000081600000, 0x0000000084e80000, 0x00000000d5d00000)
  object space 57856K, 20% used [0x0000000081600000,0x000000008216eff8,0x0000000084e80000)
 Metaspace       used 21664K, capacity 23104K, committed 23424K, reserved 1069056K
  class space    used 3070K, capacity 3349K, committed 3456K, reserved 1048576K
}
Event: 6.656 GC heap before
{Heap before GC invocations=7 (full 1):
 PSYoungGen      total 71680K, used 71653K [0x00000000d5d00000, 0x00000000dcb00000, 0x0000000100000000)
  eden space 66560K, 100% used [0x00000000d5d00000,0x00000000d9e00000,0x00000000d9e00000)
  from space 5120K, 99% used [0x00000000d9e00000,0x00000000da2f9570,0x00000000da300000)
  to   space 9216K, 0% used [0x00000000dc200000,0x00000000dc200000,0x00000000dcb00000)
 ParOldGen       total 57856K, used 11707K [0x0000000081600000, 0x0000000084e80000, 0x00000000d5d00000)
  object space 57856K, 20% used [0x0000000081600000,0x000000008216eff8,0x0000000084e80000)
 Metaspace       used 21808K, capacity 23358K, committed 23680K, reserved 1069056K
  class space    used 3075K, capacity 3386K, committed 3456K, reserved 1048576K
Event: 6.666 GC heap after
Heap after GC invocations=7 (full 1):
 PSYoungGen      total 103424K, used 5317K [0x00000000d5d00000, 0x00000000dd800000, 0x0000000100000000)
  eden space 94208K, 0% used [0x00000000d5d00000,0x00000000d5d00000,0x00000000db900000)
  from space 9216K, 57% used [0x00000000dc200000,0x00000000dc731570,0x00000000dcb00000)
  to   space 9216K, 0% used [0x00000000db900000,0x00000000db900000,0x00000000dc200000)
 ParOldGen       total 57856K, used 11715K [0x0000000081600000, 0x0000000084e80000, 0x00000000d5d00000)
  object space 57856K, 20% used [0x0000000081600000,0x0000000082170ff8,0x0000000084e80000)
 Metaspace       used 21808K, capacity 23358K, committed 23680K, reserved 1069056K
  class space    used 3075K, capacity 3386K, committed 3456K, reserved 1048576K
}
Event: 7.268 GC heap before
{Heap before GC invocations=8 (full 1):
 PSYoungGen      total 103424K, used 99525K [0x00000000d5d00000, 0x00000000dd800000, 0x0000000100000000)
  eden space 94208K, 100% used [0x00000000d5d00000,0x00000000db900000,0x00000000db900000)
  from space 9216K, 57% used [0x00000000dc200000,0x00000000dc731570,0x00000000dcb00000)
  to   space 9216K, 0% used [0x00000000db900000,0x00000000db900000,0x00000000dc200000)
 ParOldGen       total 57856K, used 11715K [0x0000000081600000, 0x0000000084e80000, 0x00000000d5d00000)
  object space 57856K, 20% used [0x0000000081600000,0x0000000082170ff8,0x0000000084e80000)
 Metaspace       used 21919K, capacity 23490K, committed 23680K, reserved 1069056K
  class space    used 3075K, capacity 3386K, committed 3456K, reserved 1048576K
Event: 7.277 GC heap after
Heap after GC invocations=8 (full 1):
 PSYoungGen      total 103424K, used 6213K [0x00000000d5d00000, 0x00000000e0100000, 0x0000000100000000)
  eden space 94208K, 0% used [0x00000000d5d00000,0x00000000d5d00000,0x00000000db900000)
  from space 9216K, 67% used [0x00000000db900000,0x00000000dbf11570,0x00000000dc200000)
  to   space 8704K, 0% used [0x00000000df880000,0x00000000df880000,0x00000000e0100000)
 ParOldGen       total 57856K, used 11723K [0x0000000081600000, 0x0000000084e80000, 0x00000000d5d00000)
  object space 57856K, 20% used [0x0000000081600000,0x0000000082172ff8,0x0000000084e80000)
 Metaspace       used 21919K, capacity 23490K, committed 23680K, reserved 1069056K
  class space    used 3075K, capacity 3386K, committed 3456K, reserved 1048576K
}
Event: 7.729 GC heap before
{Heap before GC invocations=9 (full 1):
 PSYoungGen      total 103424K, used 100421K [0x00000000d5d00000, 0x00000000e0100000, 0x0000000100000000)
  eden space 94208K, 100% used [0x00000000d5d00000,0x00000000db900000,0x00000000db900000)
  from space 9216K, 67% used [0x00000000db900000,0x00000000dbf11570,0x00000000dc200000)
  to   space 8704K, 0% used [0x00000000df880000,0x00000000df880000,0x00000000e0100000)
 ParOldGen       total 57856K, used 11723K [0x0000000081600000, 0x0000000084e80000, 0x00000000d5d00000)
  object space 57856K, 20% used [0x0000000081600000,0x0000000082172ff8,0x0000000084e80000)
 Metaspace       used 21997K, capacity 23554K, committed 23680K, reserved 1069056K
  class space    used 3075K, capacity 3386K, committed 3456K, reserved 1048576K
Event: 7.741 GC heap after
Heap after GC invocations=9 (full 1):
 PSYoungGen      total 158720K, used 1600K [0x00000000d5d00000, 0x00000000e0300000, 0x0000000100000000)
  eden space 150016K, 0% used [0x00000000d5d00000,0x00000000d5d00000,0x00000000def80000)
  from space 8704K, 18% used [0x00000000df880000,0x00000000dfa10000,0x00000000e0100000)
  to   space 9216K, 0% used [0x00000000def80000,0x00000000def80000,0x00000000df880000)
 ParOldGen       total 57856K, used 16419K [0x0000000081600000, 0x0000000084e80000, 0x00000000d5d00000)
  object space 57856K, 28% used [0x0000000081600000,0x0000000082608d60,0x0000000084e80000)
 Metaspace       used 21997K, capacity 23554K, committed 23680K, reserved 1069056K
  class space    used 3075K, capacity 3386K, committed 3456K, reserved 1048576K
}
Event: 8.570 GC heap before
{Heap before GC invocations=10 (full 1):
 PSYoungGen      total 158720K, used 151616K [0x00000000d5d00000, 0x00000000e0300000, 0x0000000100000000)
  eden space 150016K, 100% used [0x00000000d5d00000,0x00000000def80000,0x00000000def80000)
  from space 8704K, 18% used [0x00000000df880000,0x00000000dfa10000,0x00000000e0100000)
  to   space 9216K, 0% used [0x00000000def80000,0x00000000def80000,0x00000000df880000)
 ParOldGen       total 57856K, used 16419K [0x0000000081600000, 0x0000000084e80000, 0x00000000d5d00000)
  object space 57856K, 28% used [0x0000000081600000,0x0000000082608d60,0x0000000084e80000)
 Metaspace       used 22047K, capacity 23554K, committed 23680K, reserved 1069056K
  class space    used 3075K, capacity 3386K, committed 3456K, reserved 1048576K
Event: 8.574 GC heap after
Heap after GC invocations=10 (full 1):
 PSYoungGen      total 159232K, used 1216K [0x00000000d5d00000, 0x00000000e0300000, 0x0000000100000000)
  eden space 150016K, 0% used [0x00000000d5d00000,0x00000000d5d00000,0x00000000def80000)
  from space 9216K, 13% used [0x00000000def80000,0x00000000df0b0000,0x00000000df880000)
  to   space 8704K, 0% used [0x00000000df880000,0x00000000df880000,0x00000000e0100000)
 ParOldGen       total 57856K, used 16855K [0x0000000081600000, 0x0000000084e80000, 0x00000000d5d00000)
  object space 57856K, 29% used [0x0000000081600000,0x0000000082675d70,0x0000000084e80000)
 Metaspace       used 22047K, capacity 23554K, committed 23680K, reserved 1069056K
  class space    used 3075K, capacity 3386K, committed 3456K, reserved 1048576K
}

