# JRE version: Java(TM) SE Runtime Environment (8.0_45-b15) (build 1.8.0_45-b15)
# Java VM: Java HotSpot(TM) 64-Bit Server VM (25.45-b02 mixed mode windows-amd64 compressed oops)
Heap:
 PSYoungGen      total 71680K, used 20099K [0x00000000d5d00000, 0x00000000dcb80000, 0x0000000100000000)
  eden space 66560K, 22% used [0x00000000d5d00000,0x00000000d6ba0f18,0x00000000d9e00000)
  from space 5120K, 100% used [0x00000000d9e00000,0x00000000da300000,0x00000000da300000)
  to   space 10752K, 0% used [0x00000000dc100000,0x00000000dc100000,0x00000000dcb80000)
 ParOldGen       total 59904K, used 13231K [0x0000000081600000, 0x0000000085080000, 0x00000000d5d00000)
  object space 59904K, 22% used [0x0000000081600000,0x00000000822ebee0,0x0000000085080000)
 Metaspace       used 21830K, capacity 23276K, committed 23424K, reserved 1069056K
  class space    used 3067K, capacity 3345K, committed 3456K, reserved 1048576K
GC Heap History (10 events):
Event: 6.047 GC heap before
{Heap before GC invocations=2 (full 0):
 PSYoungGen      total 38400K, used 37776K [0x00000000d5d00000, 0x00000000d8780000, 0x0000000100000000)
  eden space 33280K, 100% used [0x00000000d5d00000,0x00000000d7d80000,0x00000000d7d80000)
  from space 5120K, 87% used [0x00000000d7d80000,0x00000000d81e4160,0x00000000d8280000)
  to   space 5120K, 0% used [0x00000000d8280000,0x00000000d8280000,0x00000000d8780000)
 ParOldGen       total 87552K, used 80K [0x0000000081600000, 0x0000000086b80000, 0x00000000d5d00000)
  object space 87552K, 0% used [0x0000000081600000,0x0000000081614010,0x0000000086b80000)
 Metaspace       used 19493K, capacity 20684K, committed 20864K, reserved 1067008K
  class space    used 2883K, capacity 3144K, committed 3200K, reserved 1048576K
Event: 6.068 GC heap after
Heap after GC invocations=2 (full 0):
 PSYoungGen      total 38400K, used 5088K [0x00000000d5d00000, 0x00000000d8780000, 0x0000000100000000)
  eden space 33280K, 0% used [0x00000000d5d00000,0x00000000d5d00000,0x00000000d7d80000)
  from space 5120K, 99% used [0x00000000d8280000,0x00000000d8778170,0x00000000d8780000)
  to   space 5120K, 0% used [0x00000000d7d80000,0x00000000d7d80000,0x00000000d8280000)
 ParOldGen       total 87552K, used 5438K [0x0000000081600000, 0x0000000086b80000, 0x00000000d5d00000)
  object space 87552K, 6% used [0x0000000081600000,0x0000000081b4fa30,0x0000000086b80000)
 Metaspace       used 19493K, capacity 20684K, committed 20864K, reserved 1067008K
  class space    used 2883K, capacity 3144K, committed 3200K, reserved 1048576K
}
Event: 6.184 GC heap before
{Heap before GC invocations=3 (full 0):
 PSYoungGen      total 38400K, used 13843K [0x00000000d5d00000, 0x00000000d8780000, 0x0000000100000000)
  eden space 33280K, 26% used [0x00000000d5d00000,0x00000000d658cc40,0x00000000d7d80000)
  from space 5120K, 99% used [0x00000000d8280000,0x00000000d8778170,0x00000000d8780000)
  to   space 5120K, 0% used [0x00000000d7d80000,0x00000000d7d80000,0x00000000d8280000)
 ParOldGen       total 87552K, used 5438K [0x0000000081600000, 0x0000000086b80000, 0x00000000d5d00000)
  object space 87552K, 6% used [0x0000000081600000,0x0000000081b4fa30,0x0000000086b80000)
 Metaspace       used 19804K, capacity 21096K, committed 21248K, reserved 1067008K
  class space    used 2947K, capacity 3208K, committed 3328K, reserved 1048576K
Event: 6.198 GC heap after
Heap after GC invocations=3 (full 0):
 PSYoungGen      total 38400K, used 5088K [0x00000000d5d00000, 0x00000000da800000, 0x0000000100000000)
  eden space 33280K, 0% used [0x00000000d5d00000,0x00000000d5d00000,0x00000000d7d80000)
  from space 5120K, 99% used [0x00000000d7d80000,0x00000000d8278150,0x00000000d8280000)
  to   space 5120K, 0% used [0x00000000da300000,0x00000000da300000,0x00000000da800000)
 ParOldGen       total 87552K, used 5777K [0x0000000081600000, 0x0000000086b80000, 0x00000000d5d00000)
  object space 87552K, 6% used [0x0000000081600000,0x0000000081ba4680,0x0000000086b80000)
 Metaspace       used 19804K, capacity 21096K, committed 21248K, reserved 1067008K
  class space    used 2947K, capacity 3208K, committed 3328K, reserved 1048576K
}
Event: 6.198 GC heap before
{Heap before GC invocations=4 (full 1):
 PSYoungGen      total 38400K, used 5088K [0x00000000d5d00000, 0x00000000da800000, 0x0000000100000000)
  eden space 33280K, 0% used [0x00000000d5d00000,0x00000000d5d00000,0x00000000d7d80000)
  from space 5120K, 99% used [0x00000000d7d80000,0x00000000d8278150,0x00000000d8280000)
  to   space 5120K, 0% used [0x00000000da300000,0x00000000da300000,0x00000000da800000)
 ParOldGen       total 87552K, used 5777K [0x0000000081600000, 0x0000000086b80000, 0x00000000d5d00000)
  object space 87552K, 6% used [0x0000000081600000,0x0000000081ba4680,0x0000000086b80000)
 Metaspace       used 19804K, capacity 21096K, committed 21248K, reserved 1067008K
  class space    used 2947K, capacity 3208K, committed 3328K, reserved 1048576K
Event: 6.288 GC heap after
Heap after GC invocations=4 (full 1):
 PSYoungGen      total 38400K, used 0K [0x00000000d5d00000, 0x00000000da800000, 0x0000000100000000)
  eden space 33280K, 0% used [0x00000000d5d00000,0x00000000d5d00000,0x00000000d7d80000)
  from space 5120K, 0% used [0x00000000d7d80000,0x00000000d7d80000,0x00000000d8280000)
  to   space 5120K, 0% used [0x00000000da300000,0x00000000da300000,0x00000000da800000)
 ParOldGen       total 59904K, used 10406K [0x0000000081600000, 0x0000000085080000, 0x00000000d5d00000)
  object space 59904K, 17% used [0x0000000081600000,0x0000000082029ac8,0x0000000085080000)
 Metaspace       used 19804K, capacity 21096K, committed 21248K, reserved 1067008K
  class space    used 2947K, capacity 3208K, committed 3328K, reserved 1048576K
}
Event: 7.337 GC heap before
{Heap before GC invocations=5 (full 1):
 PSYoungGen      total 38400K, used 33280K [0x00000000d5d00000, 0x00000000da800000, 0x0000000100000000)
  eden space 33280K, 100% used [0x00000000d5d00000,0x00000000d7d80000,0x00000000d7d80000)
  from space 5120K, 0% used [0x00000000d7d80000,0x00000000d7d80000,0x00000000d8280000)
  to   space 5120K, 0% used [0x00000000da300000,0x00000000da300000,0x00000000da800000)
 ParOldGen       total 59904K, used 10406K [0x0000000081600000, 0x0000000085080000, 0x00000000d5d00000)
  object space 59904K, 17% used [0x0000000081600000,0x0000000082029ac8,0x0000000085080000)
 Metaspace       used 21427K, capacity 22932K, committed 23168K, reserved 1069056K
  class space    used 3055K, capacity 3339K, committed 3456K, reserved 1048576K
Event: 7.354 GC heap after
Heap after GC invocations=5 (full 1):
 PSYoungGen      total 61440K, used 5120K [0x00000000d5d00000, 0x00000000da800000, 0x0000000100000000)
  eden space 56320K, 0% used [0x00000000d5d00000,0x00000000d5d00000,0x00000000d9400000)
  from space 5120K, 100% used [0x00000000da300000,0x00000000da800000,0x00000000da800000)
  to   space 5120K, 0% used [0x00000000d9e00000,0x00000000d9e00000,0x00000000da300000)
 ParOldGen       total 59904K, used 12941K [0x0000000081600000, 0x0000000085080000, 0x00000000d5d00000)
  object space 59904K, 21% used [0x0000000081600000,0x00000000822a36c0,0x0000000085080000)
 Metaspace       used 21427K, capacity 22932K, committed 23168K, reserved 1069056K
  class space    used 3055K, capacity 3339K, committed 3456K, reserved 1048576K
}
Event: 11.818 GC heap before
{Heap before GC invocations=6 (full 1):
 PSYoungGen      total 61440K, used 61440K [0x00000000d5d00000, 0x00000000da800000, 0x0000000100000000)
  eden space 56320K, 100% used [0x00000000d5d00000,0x00000000d9400000,0x00000000d9400000)
  from space 5120K, 100% used [0x00000000da300000,0x00000000da800000,0x00000000da800000)
  to   space 5120K, 0% used [0x00000000d9e00000,0x00000000d9e00000,0x00000000da300000)
 ParOldGen       total 59904K, used 12941K [0x0000000081600000, 0x0000000085080000, 0x00000000d5d00000)
  object space 59904K, 21% used [0x0000000081600000,0x00000000822a36c0,0x0000000085080000)
 Metaspace       used 21810K, capacity 23276K, committed 23424K, reserved 1069056K
  class space    used 3067K, capacity 3345K, committed 3456K, reserved 1048576K
Event: 11.833 GC heap after
Heap after GC invocations=6 (full 1):
 PSYoungGen      total 71680K, used 5120K [0x00000000d5d00000, 0x00000000dcb80000, 0x0000000100000000)
  eden space 66560K, 0% used [0x00000000d5d00000,0x00000000d5d00000,0x00000000d9e00000)
  from space 5120K, 100% used [0x00000000d9e00000,0x00000000da300000,0x00000000da300000)
  to   space 10752K, 0% used [0x00000000dc100000,0x00000000dc100000,0x00000000dcb80000)
 ParOldGen       total 59904K, used 13231K [0x0000000081600000, 0x0000000085080000, 0x00000000d5d00000)
  object space 59904K, 22% used [0x0000000081600000,0x00000000822ebee0,0x0000000085080000)
 Metaspace       used 21810K, capacity 23276K, committed 23424K, reserved 1069056K
  class space    used 3067K, capacity 3345K, committed 3456K, reserved 1048576K
}

